<?xml version="1.0" encoding="UTF-8"?>
<!-- Generated by org.testng.reporters.JUnitReportReporter -->
<testsuite hostname="DESKTOP-TT34VD9" failures="0" tests="1" name="com.SauceDemo.TestPackage.TC0003VerifyBag" time="8.302" errors="0" timestamp="2022-08-10T13:43:03 IST" skipped="0">
  <testcase classname="com.SauceDemo.TestPackage.TC0003VerifyBag" name="verifybagproduct" time="8.302"/>
  <system-out/>
</testsuite> <!-- com.SauceDemo.TestPackage.TC0003VerifyBag -->
