<?xml version="1.0" encoding="UTF-8"?>
<!-- Generated by org.testng.reporters.JUnitReportReporter -->
<testsuite hostname="DESKTOP-TT34VD9" failures="0" tests="1" name="com.SauceDemo.TestPackage.TC01VerifyLoginFunctionality" time="8.870" errors="0" timestamp="2022-08-10T12:33:19 IST" skipped="0">
  <testcase classname="com.SauceDemo.TestPackage.TC01VerifyLoginFunctionality" name="verifyLogin" time="8.870"/>
  <system-out/>
</testsuite> <!-- com.SauceDemo.TestPackage.TC01VerifyLoginFunctionality -->
